Using pre-set license
Built from '2022.3/staging' branch; Version is '2022.3.28f1 (6bae5ce6b222) revision 7056988'; Using compiler version '192829333'; Build Type 'Release'
OS: 'Windows 11  (10.0.22631) 64bit Professional' Language: 'zh' Physical Memory: 32675 MB
BatchMode: 1, IsHumanControllingUs: 0, StartBugReporterOnCrash: 0, Is64bit: 1, IsPro: 1

COMMAND LINE ARGUMENTS:
C:\Program Files\Unity\Hub\Editor\2022.3.28f1\Editor\Unity.exe
-adb2
-batchMode
-noUpm
-name
AssetImportWorker2
-projectPath
F:/unity project/3D RPG
-logFile
Logs/AssetImportWorker2.log
-srvPort
4719
Successfully changed project path to: F:/unity project/3D RPG
F:/unity project/3D RPG
[UnityMemory] Configuration Parameters - Can be set up in boot.config
    "memorysetup-bucket-allocator-granularity=16"
    "memorysetup-bucket-allocator-bucket-count=8"
    "memorysetup-bucket-allocator-block-size=33554432"
    "memorysetup-bucket-allocator-block-count=8"
    "memorysetup-main-allocator-block-size=16777216"
    "memorysetup-thread-allocator-block-size=16777216"
    "memorysetup-gfx-main-allocator-block-size=16777216"
    "memorysetup-gfx-thread-allocator-block-size=16777216"
    "memorysetup-cache-allocator-block-size=4194304"
    "memorysetup-typetree-allocator-block-size=2097152"
    "memorysetup-profiler-bucket-allocator-granularity=16"
    "memorysetup-profiler-bucket-allocator-bucket-count=8"
    "memorysetup-profiler-bucket-allocator-block-size=33554432"
    "memorysetup-profiler-bucket-allocator-block-count=8"
    "memorysetup-profiler-allocator-block-size=16777216"
    "memorysetup-profiler-editor-allocator-block-size=1048576"
    "memorysetup-temp-allocator-size-main=16777216"
    "memorysetup-job-temp-allocator-block-size=2097152"
    "memorysetup-job-temp-allocator-block-size-background=1048576"
    "memorysetup-job-temp-allocator-reduction-small-platforms=262144"
    "memorysetup-allocator-temp-initial-block-size-main=262144"
    "memorysetup-allocator-temp-initial-block-size-worker=262144"
    "memorysetup-temp-allocator-size-background-worker=32768"
    "memorysetup-temp-allocator-size-job-worker=262144"
    "memorysetup-temp-allocator-size-preload-manager=33554432"
    "memorysetup-temp-allocator-size-nav-mesh-worker=65536"
    "memorysetup-temp-allocator-size-audio-worker=65536"
    "memorysetup-temp-allocator-size-cloud-worker=32768"
    "memorysetup-temp-allocator-size-gi-baking-worker=262144"
    "memorysetup-temp-allocator-size-gfx=262144"
Player connection [25492] Host "[IP] 192.168.22.14 [Port] 0 [Flags] 2 [Guid] 3852953344 [EditorId] 3852953344 [Version] 1048832 [Id] WindowsEditor(7,DESKTOP-AT341FA) [Debug] 1 [PackageName] WindowsEditor [ProjectName] Editor" joined multi-casting on [225.0.0.222:54997]...

Player connection [25492] Host "[IP] 192.168.22.14 [Port] 0 [Flags] 2 [Guid] 3852953344 [EditorId] 3852953344 [Version] 1048832 [Id] WindowsEditor(7,DESKTOP-AT341FA) [Debug] 1 [PackageName] WindowsEditor [ProjectName] Editor" joined alternative multi-casting on [225.0.0.222:34997]...

[Physics::Module] Initialized MultithreadedJobDispatcher with 11 workers.
Refreshing native plugins compatible for Editor in 12.97 ms, found 3 plugins.
Preloading 0 native plugins for Editor in 0.00 ms.
Initialize engine version: 2022.3.28f1 (6bae5ce6b222)
[Subsystems] Discovering subsystems at path C:/Program Files/Unity/Hub/Editor/2022.3.28f1/Editor/Data/Resources/UnitySubsystems
[Subsystems] Discovering subsystems at path F:/unity project/3D RPG/Assets
GfxDevice: creating device client; threaded=0; jobified=0
Direct3D:
    Version:  Direct3D 11.0 [level 11.1]
    Renderer: NVIDIA GeForce GTX 1050 (ID=0x1c81)
    Vendor:   NVIDIA
    VRAM:     1962 MB
    Driver:   32.0.15.6094
Initialize mono
Mono path[0] = 'C:/Program Files/Unity/Hub/Editor/2022.3.28f1/Editor/Data/Managed'
Mono path[1] = 'C:/Program Files/Unity/Hub/Editor/2022.3.28f1/Editor/Data/MonoBleedingEdge/lib/mono/unityjit-win32'
Mono config path = 'C:/Program Files/Unity/Hub/Editor/2022.3.28f1/Editor/Data/MonoBleedingEdge/etc'
Using monoOptions --debugger-agent=transport=dt_socket,embedding=1,server=y,suspend=n,address=127.0.0.1:56316
Begin MonoManager ReloadAssembly
Registering precompiled unity dll's ...
Register platform support module: C:/Program Files/Unity/Hub/Editor/2022.3.28f1/Editor/Data/PlaybackEngines/WebGLSupport/UnityEditor.WebGL.Extensions.dll
Register platform support module: C:/Program Files/Unity/Hub/Editor/2022.3.28f1/Editor/Data/PlaybackEngines/AndroidPlayer/UnityEditor.Android.Extensions.dll
Register platform support module: C:/Program Files/Unity/Hub/Editor/2022.3.28f1/Editor/Data/PlaybackEngines/WindowsStandaloneSupport/UnityEditor.WindowsStandalone.Extensions.dll
Register platform support module: C:/Program Files/Unity/Hub/Editor/2022.3.28f1/Editor/Data/PlaybackEngines/MetroSupport/UnityEditor.UWP.Extensions.dll
Registered in 0.010071 seconds.
- Loaded All Assemblies, in  0.411 seconds
Native extension for UWP target not found
Native extension for WindowsStandalone target not found
Native extension for Android target not found
Android Extension - Scanning For ADB Devices 212 ms
Native extension for WebGL target not found
Mono: successfully reloaded assembly
- Finished resetting the current domain, in  0.583 seconds
Domain Reload Profiling: 992ms
	BeginReloadAssembly (114ms)
		ExecutionOrderSort (0ms)
		DisableScriptedObjects (0ms)
		BackupInstance (0ms)
		ReleaseScriptingObjects (0ms)
		CreateAndSetChildDomain (1ms)
	RebuildCommonClasses (42ms)
	RebuildNativeTypeToScriptingClass (12ms)
	initialDomainReloadingComplete (64ms)
	LoadAllAssembliesAndSetupDomain (177ms)
		LoadAssemblies (114ms)
		RebuildTransferFunctionScriptingTraits (0ms)
		AnalyzeDomain (173ms)
			TypeCache.Refresh (171ms)
				TypeCache.ScanAssembly (157ms)
			ScanForSourceGeneratedMonoScriptInfo (0ms)
			ResolveRequiredComponents (0ms)
	FinalizeReload (584ms)
		ReleaseScriptCaches (0ms)
		RebuildScriptCaches (0ms)
		SetupLoadedEditorAssemblies (520ms)
			LogAssemblyErrors (0ms)
			InitializePlatformSupportModulesInManaged (331ms)
			SetLoadedEditorAssemblies (6ms)
			RefreshPlugins (0ms)
			BeforeProcessingInitializeOnLoad (3ms)
			ProcessInitializeOnLoadAttributes (133ms)
			ProcessInitializeOnLoadMethodAttributes (46ms)
			AfterProcessingInitializeOnLoad (0ms)
			EditorAssembliesLoaded (0ms)
		ExecutionOrderSort2 (0ms)
		AwakeInstancesAfterBackupRestoration (0ms)
========================================================================
Worker process is ready to serve import requests
Begin MonoManager ReloadAssembly
Symbol file LoadedFromMemory is not a mono symbol file
- Loaded All Assemblies, in  0.682 seconds
Refreshing native plugins compatible for Editor in 5.52 ms, found 3 plugins.
Native extension for UWP target not found
Native extension for WindowsStandalone target not found
Native extension for Android target not found
Native extension for WebGL target not found
Package Manager log level set to [2]
[Package Manager] Server::EnsureServerProcessIsRunning -- launch failed, reason: Unity was launched with the -noUpm command-line argument
[Package Manager] UpmClient::Send -- Unable to send message (not connected to UPM process).
[Package Manager] Cannot connect to Unity Package Manager local server
Mono: successfully reloaded assembly
- Finished resetting the current domain, in  0.824 seconds
Domain Reload Profiling: 1505ms
	BeginReloadAssembly (139ms)
		ExecutionOrderSort (0ms)
		DisableScriptedObjects (7ms)
		BackupInstance (0ms)
		ReleaseScriptingObjects (0ms)
		CreateAndSetChildDomain (20ms)
	RebuildCommonClasses (34ms)
	RebuildNativeTypeToScriptingClass (11ms)
	initialDomainReloadingComplete (39ms)
	LoadAllAssembliesAndSetupDomain (457ms)
		LoadAssemblies (294ms)
		RebuildTransferFunctionScriptingTraits (0ms)
		AnalyzeDomain (240ms)
			TypeCache.Refresh (202ms)
				TypeCache.ScanAssembly (178ms)
			ScanForSourceGeneratedMonoScriptInfo (30ms)
			ResolveRequiredComponents (6ms)
	FinalizeReload (825ms)
		ReleaseScriptCaches (0ms)
		RebuildScriptCaches (0ms)
		SetupLoadedEditorAssemblies (659ms)
			LogAssemblyErrors (0ms)
			InitializePlatformSupportModulesInManaged (24ms)
			SetLoadedEditorAssemblies (5ms)
			RefreshPlugins (0ms)
			BeforeProcessingInitializeOnLoad (76ms)
			ProcessInitializeOnLoadAttributes (382ms)
			ProcessInitializeOnLoadMethodAttributes (167ms)
			AfterProcessingInitializeOnLoad (5ms)
			EditorAssembliesLoaded (0ms)
		ExecutionOrderSort2 (0ms)
		AwakeInstancesAfterBackupRestoration (5ms)
Launched and connected shader compiler UnityShaderCompiler.exe after 0.03 seconds
Refreshing native plugins compatible for Editor in 7.43 ms, found 3 plugins.
Preloading 0 native plugins for Editor in 0.00 ms.
Unloading 4455 Unused Serialized files (Serialized files now loaded: 0)
Unloading 97 unused Assets / (1.3 MB). Loaded Objects now: 4907.
Memory consumption went from 179.8 MB to 178.5 MB.
Total: 10.407300 ms (FindLiveObjects: 0.358000 ms CreateObjectMapping: 0.373000 ms MarkObjects: 9.277300 ms  DeleteObjects: 0.397600 ms)

AssetImportParameters requested are different than current active one (requested -> active):
  custom:container-demuxer-ogg: 62fdf1f143b41e24485cea50d1cbac27 -> 
  custom:video-decoder-ogg-theora: a1e56fd34408186e4bbccfd4996cb3dc -> 
  custom:framework-win-MediaFoundation: 216162199b28c13a410421893ffa2e32 -> 
  custom:CustomObjectIndexerAttribute: 9a22284fe3817be447336de3de66b15e -> 
  custom:container-demuxer-webm: 4f35f7cbe854078d1ac9338744f61a02 -> 
  custom:container-muxer-webm: aa71ff27fc2769a1b78a27578f13a17b -> 
  custom:video-decoder-webm-vp8: 9c59270c3fd7afecdb556c50c9e8de78 -> 
  custom:SearchIndexIgnoredProperties: e643bd26f0fe6173181afceb89e7c659 -> 
  custom:AudioImporter_EditorPlatform: d09bf68614088b80899f8185d706f6e7 -> 
  custom:video-encoder-webm-vp8: eb34c28f22e8b96e1ab97ce403110664 -> 
  custom:audio-decoder-ogg-vorbis: bf7c407c2cedff20999df2af8eb42d56 -> 
  custom:audio-encoder-webm-vorbis: bf7c407c2cedff20999df2af8eb42d56 -> 
========================================================================
Received Import Request.
  Time since last request: 25746.853414 seconds.
  path: Assets/Game/Enviroments/Cobble Stone/Cobble Stone/1
  artifactKey: Guid(3085552f23045b649a4f69624c419c81) Importer(815301076,1909f56bfc062723c751e8b465ee728b)
Start importing Assets/Game/Enviroments/Cobble Stone/Cobble Stone/1 using Guid(3085552f23045b649a4f69624c419c81) Importer(815301076,1909f56bfc062723c751e8b465ee728b)  -> (artifact id: '58271d4866738e84346aa083e49649b8') in 0.002050 seconds
Number of updated asset objects reloaded before import = 0
Number of asset objects unloaded after import = 0
========================================================================
Received Import Request.
  Time since last request: 0.053102 seconds.
  path: Assets/Game/Enviroments/Cobble Stone/Cobble Stone
  artifactKey: Guid(d66c0b1638a626e4db3f2d9bbfc65621) Importer(815301076,1909f56bfc062723c751e8b465ee728b)
Start importing Assets/Game/Enviroments/Cobble Stone/Cobble Stone using Guid(d66c0b1638a626e4db3f2d9bbfc65621) Importer(815301076,1909f56bfc062723c751e8b465ee728b)  -> (artifact id: '57150fa02c615dfb329e02d2b33bb21e') in 0.000358 seconds
Number of updated asset objects reloaded before import = 0
Number of asset objects unloaded after import = 0
========================================================================
Received Import Request.
  Time since last request: 7.734336 seconds.
  path: Assets/Game/Enviroments/Grass/Grass/2/2_ao.bmp
  artifactKey: Guid(4f8de384b5164e048883e62fc3ece320) Importer(815301076,1909f56bfc062723c751e8b465ee728b)
Start importing Assets/Game/Enviroments/Grass/Grass/2/2_ao.bmp using Guid(4f8de384b5164e048883e62fc3ece320) Importer(815301076,1909f56bfc062723c751e8b465ee728b)  -> (artifact id: '19db3bb5c68a9bb6ea5d3b35906d411b') in 0.048903 seconds
Number of updated asset objects reloaded before import = 0
Number of asset objects unloaded after import = 2
========================================================================
Received Import Request.
  Time since last request: 0.979297 seconds.
  path: Assets/Game/Enviroments/Grass/Grass/2/2_edge.bmp
  artifactKey: Guid(b1dfcfff15a3163449235fa046d9ef4d) Importer(815301076,1909f56bfc062723c751e8b465ee728b)
Start importing Assets/Game/Enviroments/Grass/Grass/2/2_edge.bmp using Guid(b1dfcfff15a3163449235fa046d9ef4d) Importer(815301076,1909f56bfc062723c751e8b465ee728b)  -> (artifact id: '6450242755eb59eec220e57f42706a66') in 0.010803 seconds
Number of updated asset objects reloaded before import = 0
Number of asset objects unloaded after import = 2
========================================================================
Received Import Request.
  Time since last request: 0.243982 seconds.
  path: Assets/Game/Enviroments/Grass/Grass/2/2_height.bmp
  artifactKey: Guid(73b94bcd87eca844bbf0b0e57647ae63) Importer(815301076,1909f56bfc062723c751e8b465ee728b)
Start importing Assets/Game/Enviroments/Grass/Grass/2/2_height.bmp using Guid(73b94bcd87eca844bbf0b0e57647ae63) Importer(815301076,1909f56bfc062723c751e8b465ee728b)  -> (artifact id: 'cebbf5f7c2cb9b718965c60d5cf3d7c7') in 0.010163 seconds
Number of updated asset objects reloaded before import = 0
Number of asset objects unloaded after import = 2
========================================================================
Received Import Request.
  Time since last request: 0.225119 seconds.
  path: Assets/Game/Enviroments/Grass/Grass/2/2_metallic.bmp
  artifactKey: Guid(0970911d98fdf9b4e973d25c5cff8a3b) Importer(815301076,1909f56bfc062723c751e8b465ee728b)
Start importing Assets/Game/Enviroments/Grass/Grass/2/2_metallic.bmp using Guid(0970911d98fdf9b4e973d25c5cff8a3b) Importer(815301076,1909f56bfc062723c751e8b465ee728b)  -> (artifact id: '1fe41eaaaf06139f33e0b8acbe08b1be') in 0.010029 seconds
Number of updated asset objects reloaded before import = 0
Number of asset objects unloaded after import = 2
========================================================================
Received Import Request.
  Time since last request: 0.241423 seconds.
  path: Assets/Game/Enviroments/Grass/Grass/2/2_normal.bmp
  artifactKey: Guid(40a94fcd55d001e4f952185b8b29e077) Importer(815301076,1909f56bfc062723c751e8b465ee728b)
Start importing Assets/Game/Enviroments/Grass/Grass/2/2_normal.bmp using Guid(40a94fcd55d001e4f952185b8b29e077) Importer(815301076,1909f56bfc062723c751e8b465ee728b)  -> (artifact id: 'a3963484385015a6571dcd95a57b9160') in 0.010753 seconds
Number of updated asset objects reloaded before import = 0
Number of asset objects unloaded after import = 2
========================================================================
Received Import Request.
  Time since last request: 0.246591 seconds.
  path: Assets/Game/Enviroments/Grass/Grass/2/2_smoothness.bmp
  artifactKey: Guid(61239a717d2faa241ae115f2ab5e9fa0) Importer(815301076,1909f56bfc062723c751e8b465ee728b)
Start importing Assets/Game/Enviroments/Grass/Grass/2/2_smoothness.bmp using Guid(61239a717d2faa241ae115f2ab5e9fa0) Importer(815301076,1909f56bfc062723c751e8b465ee728b)  -> (artifact id: '46080ab7420e9565c188e1b6db333178') in 0.010549 seconds
Number of updated asset objects reloaded before import = 0
Number of asset objects unloaded after import = 2
========================================================================
Received Import Request.
  Time since last request: 0.283770 seconds.
  path: Assets/Game/Enviroments/Grass/Grass/3
  artifactKey: Guid(e9231b116f6e7a9409a9da1065c2ea2e) Importer(815301076,1909f56bfc062723c751e8b465ee728b)
Start importing Assets/Game/Enviroments/Grass/Grass/3 using Guid(e9231b116f6e7a9409a9da1065c2ea2e) Importer(815301076,1909f56bfc062723c751e8b465ee728b)  -> (artifact id: 'c5e833b64400adedcf6fce78cf7c95ba') in 0.000436 seconds
Number of updated asset objects reloaded before import = 0
Number of asset objects unloaded after import = 0
